<?xml version="1.0" encoding="UTF-8"?>
<testng-results skipped="0" failed="0" ignored="0" total="1" passed="1">
  <reporter-output>
  </reporter-output>
  <suite name="Default suite" duration-ms="426" started-at="2020-10-15T09:51:14Z" finished-at="2020-10-15T09:51:14Z">
    <groups>
    </groups>
    <test name="Default test" duration-ms="426" started-at="2020-10-15T09:51:14Z" finished-at="2020-10-15T09:51:14Z">
      <class name="testng.TestNG.Day1">
        <test-method status="PASS" signature="demo()[pri:0, instance:testng.TestNG.Day1@52e677af]" name="demo" duration-ms="70" started-at="2020-10-15T09:51:14Z" finished-at="2020-10-15T09:51:14Z">
          <reporter-output>
          </reporter-output>
        </test-method> <!-- demo -->
      </class> <!-- testng.TestNG.Day1 -->
    </test> <!-- Default test -->
  </suite> <!-- Default suite -->
</testng-results>
